[0.036s] Invoking command in '/home/joergen/ros2_udemy/build/my_cpp_pkg': CMAKE_PREFIX_PATH=${CMAKE_PREFIX_PATH}:/home/joergen/ros2_udemy/install/my_py_pkg:/opt/ros/humble /home/joergen/.local/bin/cmake --build /home/joergen/ros2_udemy/build/my_cpp_pkg -- -j8 -l8
[0.178s] [ 50%] [32mBuilding CXX object CMakeFiles/cpp_node.dir/src/my_first_node.cpp.o[0m
[5.315s] [01m[K/home/joergen/ros2_udemy/src/my_cpp_pkg/src/my_first_node.cpp:[m[K In constructor â€˜[01m[KMyNode::MyNode()[m[Kâ€™:
[5.315s] [01m[K/home/joergen/ros2_udemy/src/my_cpp_pkg/src/my_first_node.cpp:7:34:[m[K [01;31m[Kerror: [m[Kclass â€˜[01m[KMyNode[m[Kâ€™ does not have any field named â€˜[01m[Kcounter_[m[Kâ€™
[5.316s]     7 |     MyNode() : Node("cpp_test"), [01;31m[Kcounter_[m[K(0)
[5.316s]       |                                  [01;31m[K^~~~~~~~[m[K
[5.379s] [01m[K/home/joergen/ros2_udemy/src/my_cpp_pkg/src/my_first_node.cpp:[m[K In member function â€˜[01m[Kvoid MyNode::timerCallback()[m[Kâ€™:
[5.379s] [01m[K/home/joergen/ros2_udemy/src/my_cpp_pkg/src/my_first_node.cpp:19:9:[m[K [01;31m[Kerror: [m[Kâ€˜[01m[Kcounter_[m[Kâ€™ was not declared in this scope
[5.379s]    19 |         [01;31m[Kcounter_[m[K++;
[5.379s]       |         [01;31m[K^~~~~~~~[m[K
[6.265s] gmake[2]: *** [CMakeFiles/cpp_node.dir/build.make:76: CMakeFiles/cpp_node.dir/src/my_first_node.cpp.o] Error 1
[6.271s] gmake[1]: *** [CMakeFiles/Makefile2:137: CMakeFiles/cpp_node.dir/all] Error 2
[6.271s] gmake: *** [Makefile:146: all] Error 2
[6.278s] Invoked command in '/home/joergen/ros2_udemy/build/my_cpp_pkg' returned '2': CMAKE_PREFIX_PATH=${CMAKE_PREFIX_PATH}:/home/joergen/ros2_udemy/install/my_py_pkg:/opt/ros/humble /home/joergen/.local/bin/cmake --build /home/joergen/ros2_udemy/build/my_cpp_pkg -- -j8 -l8
